This is pdfTeXk, Version 3.1415926-1.40.9 (Web2C 7.5.7) (format=latex 2011.4.7)  7 APR 2011 15:41
entering extended mode
 %&-line parsing enabled.
**./images.tex
(./images.tex
LaTeX2e <2005/12/01>
Babel <v3.8l> and hyphenation patterns for english, usenglishmax, dumylang, noh
yphenation, german-x-2008-06-18, ngerman-x-2008-06-18, ancientgreek, ibycus, ar
abic, basque, bulgarian, catalan, pinyin, coptic, croatian, czech, danish, dutc
h, esperanto, estonian, farsi, finnish, french, galician, german, ngerman, mono
greek, greek, hungarian, icelandic, indonesian, interlingua, irish, italian, la
tin, mongolian, mongolian2a, bokmal, nynorsk, polish, portuguese, romanian, rus
sian, sanskrit, serbian, slovak, slovenian, spanish, swedish, turkish, ukenglis
h, ukrainian, uppersorbian, welsh, loaded.

(/usr/share/texmf/tex/latex/base/article.cls
Document Class: article 2005/09/16 v1.4f Standard LaTeX document class
(/usr/share/texmf/tex/latex/base/size12.clo
File: size12.clo 2005/09/16 v1.4f Standard LaTeX file (size option)
)
\c@part=\count79
\c@section=\count80
\c@subsection=\count81
\c@subsubsection=\count82
\c@paragraph=\count83
\c@subparagraph=\count84
\c@figure=\count85
\c@table=\count86
\abovecaptionskip=\skip41
\belowcaptionskip=\skip42
\bibindent=\dimen102
) (/usr/share/texmf/tex/latex/base/ifthen.sty
Package: ifthen 2001/05/26 v1.1c Standard LaTeX ifthen package (DPC)
) (/usr/share/texmf/tex/latex/graphics/graphicx.sty
Package: graphicx 1999/02/16 v1.0f Enhanced LaTeX Graphics (DPC,SPQR)
(/usr/share/texmf/tex/latex/graphics/keyval.sty
Package: keyval 1999/03/16 v1.13 key=value parser (DPC)
\KV@toks@=\toks14
) (/usr/share/texmf/tex/latex/graphics/graphics.sty
Package: graphics 2006/02/20 v1.0o Standard LaTeX Graphics (DPC,SPQR)
(/usr/share/texmf/tex/latex/graphics/trig.sty
Package: trig 1999/03/16 v1.09 sin cos tan (DPC)
) (/usr/lib/texmf/tex/latex/config/graphics.cfg
File: graphics.cfg 2007/01/18 v1.5 graphics configuration of teTeX/TeXLive
)
Package graphics Info: Driver file: dvips.def on input line 90.
(/usr/share/texmf/tex/latex/graphics/dvips.def
File: dvips.def 1999/02/16 v3.0i Driver-dependant file (DPC,SPQR)
))
\Gin@req@height=\dimen103
\Gin@req@width=\dimen104
) (/usr/share/texmf/tex/latex/base/fontenc.sty
Package: fontenc 2005/09/27 v1.99g Standard LaTeX package
) (/usr/share/texmf/tex/latex/sidecap/sidecap.sty
Package: sidecap 2003/06/06 v1.6f SideCap Package (RN/HjG)
\SC@BOXWD=\dimen105
\SC@CAPWD=\dimen106
\SC@tempdima=\dimen107
\SC@tempdimb=\dimen108
\c@SC@C=\count87
\SC@BOX=\box26
) (/home/bernd/project_py/QDeblend3D/trunk/manual/natbib.sty
Package: natbib 2006/03/22 7.3 (PWD)
\bibhang=\skip43
\bibsep=\skip44
LaTeX Info: Redefining \cite on input line 541.
\c@NAT@ctr=\count88
) (/home/bernd/project_py/QDeblend3D/trunk/manual/aa_def.sty) (/usr/share/texmf
/tex/latex/hyperref/hyperref.sty
Package: hyperref 2008/08/14 v6.78f Hypertext links for LaTeX
(/usr/share/texmf/tex/generic/oberdiek/ifpdf.sty
Package: ifpdf 2007/12/12 v1.6 Provides the ifpdf switch (HO)
Package ifpdf Info: pdfTeX in pdf mode not detected.
) (/usr/share/texmf/tex/generic/oberdiek/ifvtex.sty
Package: ifvtex 2007/09/09 v1.3 Switches for detecting VTeX and its modes (HO)
Package ifvtex Info: VTeX not detected.
) (/usr/share/texmf/tex/generic/ifxetex/ifxetex.sty
Package: ifxetex 2006/08/21 v0.3 Provides ifxetex conditional
) (/usr/share/texmf/tex/latex/oberdiek/hycolor.sty
Package: hycolor 2008/08/01 v1.3 Code for color options of hyperref/bookmark (H
O)
(/usr/share/texmf/tex/latex/oberdiek/xcolor-patch.sty
Package: xcolor-patch 2008/08/01 xcolor patch
))
\@linkdim=\dimen109
\Hy@linkcounter=\count89
\Hy@pagecounter=\count90
(/usr/share/texmf/tex/latex/hyperref/pd1enc.def
File: pd1enc.def 2008/08/14 v6.78f Hyperref: PDFDocEncoding definition (HO)
) (/usr/share/texmf/tex/generic/oberdiek/etexcmds.sty
Package: etexcmds 2007/12/12 v1.2 Prefix for e-TeX command names (HO)
(/usr/share/texmf/tex/generic/oberdiek/infwarerr.sty
Package: infwarerr 2007/09/09 v1.2 Providing info/warning/message (HO)
)
Package etexcmds Info: Could not find \expanded.
(etexcmds)             That can mean that you are not using pdfTeX 1.50 or
(etexcmds)             that some package has redefined \expanded.
(etexcmds)             In the latter case, load this package earlier.
) (/usr/lib/texmf/tex/latex/config/hyperref.cfg
File: hyperref.cfg 2002/06/06 v1.2 hyperref configuration of TeXLive
) (/usr/share/texmf/tex/latex/oberdiek/kvoptions.sty
Package: kvoptions 2007/10/18 v3.0 Keyval support for LaTeX options (HO)
)
Package hyperref Info: Hyper figures OFF on input line 2876.
Package hyperref Info: Link nesting OFF on input line 2881.
Package hyperref Info: Hyper index ON on input line 2884.
Package hyperref Info: Plain pages OFF on input line 2891.
Package hyperref Info: Backreferencing OFF on input line 2896.
Implicit mode ON; LaTeX internals redefined
Package hyperref Info: Bookmarks ON on input line 3086.
(/usr/share/texmf/tex/latex/ltxmisc/url.sty
\Urlmuskip=\muskip10
Package: url 2006/04/12  ver 3.3  Verb mode for urls, etc.
)
LaTeX Info: Redefining \url on input line 3272.
(/usr/share/texmf/tex/generic/oberdiek/bitset.sty
Package: bitset 2007/09/28 v1.0 Data type bit set (HO)
(/usr/share/texmf/tex/generic/oberdiek/intcalc.sty
Package: intcalc 2007/09/27 v1.1 Expandable integer calculations (HO)
) (/usr/share/texmf/tex/generic/oberdiek/bigintcalc.sty
Package: bigintcalc 2007/11/11 v1.1 Expandable big integer calculations (HO)
(/usr/share/texmf/tex/generic/oberdiek/pdftexcmds.sty
Package: pdftexcmds 2007/12/12 v0.3 LuaTeX support for pdfTeX utility functions
 (HO)
Package pdftexcmds Info: LuaTeX not detected on input line 139.
))) (/usr/share/texmf/tex/generic/oberdiek/kvsetkeys.sty
Package: kvsetkeys 2007/09/29 v1.3 Key value parser with default handler suppor
t (HO)
)
\Fld@menulength=\count91
\Field@Width=\dimen110
\Fld@charsize=\dimen111
\Field@toks=\toks15
Package hyperref Info: Hyper figures OFF on input line 4189.
Package hyperref Info: Link nesting OFF on input line 4194.
Package hyperref Info: Hyper index ON on input line 4197.
Package hyperref Info: backreferencing OFF on input line 4204.
Package hyperref Info: Link coloring OFF on input line 4209.
Package hyperref Info: Link coloring with OCG OFF on input line 4214.
Package hyperref Info: PDF/A mode OFF on input line 4219.
(/usr/share/texmf/tex/generic/oberdiek/atbegshi.sty
Package: atbegshi 2008/07/31 v1.9 At begin shipout hook (HO)
)
\Hy@abspage=\count92
\c@Item=\count93
\c@Hfootnote=\count94
)
*hyperref using default driver hdvips*
(/usr/share/texmf/tex/latex/hyperref/hdvips.def
File: hdvips.def 2008/08/14 v6.78f Hyperref driver for dvips
(/usr/share/texmf/tex/latex/hyperref/pdfmark.def
File: pdfmark.def 2008/08/14 v6.78f Hyperref definitions for pdfmark specials
\pdf@docset=\toks16
\pdf@box=\box27
\pdf@toks=\toks17
\pdf@defaulttoks=\toks18
\Fld@listcount=\count95
)) (/usr/share/texmf/tex/latex/graphics/color.sty
Package: color 2005/11/14 v1.0j Standard LaTeX Color (DPC)
(/usr/lib/texmf/tex/latex/config/color.cfg
File: color.cfg 2007/01/18 v1.5 color configuration of teTeX/TeXLive
)
Package color Info: Driver file: dvips.def on input line 130.
(/usr/share/texmf/tex/latex/graphics/dvipsnam.def
File: dvipsnam.def 1999/02/16 v3.0i Driver-dependant file (DPC,SPQR)
)) (/usr/share/texmf/tex/latex/base/inputenc.sty
Package: inputenc 2006/05/05 v1.1b Input encoding file
\inpenc@prehook=\toks19
\inpenc@posthook=\toks20
(/usr/share/texmf/tex/latex/base/latin1.def
File: latin1.def 2006/05/05 v1.1b Input encoding file
))
\sizebox=\box28
\lthtmlwrite=\write3
(./images.aux

LaTeX Warning: Label `fig:CubeViewer' multiply defined.

)
\openout1 = `images.aux'.

LaTeX Font Info:    Checking defaults for OML/cmm/m/it on input line 137.
LaTeX Font Info:    ... okay on input line 137.
LaTeX Font Info:    Checking defaults for T1/cmr/m/n on input line 137.
LaTeX Font Info:    ... okay on input line 137.
LaTeX Font Info:    Checking defaults for OT1/cmr/m/n on input line 137.
LaTeX Font Info:    ... okay on input line 137.
LaTeX Font Info:    Checking defaults for OMS/cmsy/m/n on input line 137.
LaTeX Font Info:    ... okay on input line 137.
LaTeX Font Info:    Checking defaults for OMX/cmex/m/n on input line 137.
LaTeX Font Info:    ... okay on input line 137.
LaTeX Font Info:    Checking defaults for U/cmr/m/n on input line 137.
LaTeX Font Info:    ... okay on input line 137.
LaTeX Font Info:    Checking defaults for PD1/pdf/m/n on input line 137.
LaTeX Font Info:    ... okay on input line 137.
(/usr/share/texmf/tex/latex/ms/ragged2e.sty
Package: ragged2e 2003/03/25 v2.04 ragged2e Package (MS)
(/usr/share/texmf/tex/latex/ms/everysel.sty
Package: everysel 1999/06/08 v1.03 EverySelectfont Package (MS)
LaTeX Info: Redefining \selectfont on input line 125.
)
\CenteringLeftskip=\skip45
\RaggedLeftLeftskip=\skip46
\RaggedRightLeftskip=\skip47
\CenteringRightskip=\skip48
\RaggedLeftRightskip=\skip49
\RaggedRightRightskip=\skip50
\CenteringParfillskip=\skip51
\RaggedLeftParfillskip=\skip52
\RaggedRightParfillskip=\skip53
\JustifyingParfillskip=\skip54
\CenteringParindent=\skip55
\RaggedLeftParindent=\skip56
\RaggedRightParindent=\skip57
\JustifyingParindent=\skip58
)
Package hyperref Info: Link coloring OFF on input line 137.
(/usr/share/texmf/tex/latex/hyperref/nameref.sty
Package: nameref 2007/05/29 v2.31 Cross-referencing by name of section
(/usr/share/texmf/tex/latex/oberdiek/refcount.sty
Package: refcount 2008/08/11 v3.1 Data extraction from references (HO)
)
\c@section@level=\count96
)
LaTeX Info: Redefining \ref on input line 137.
LaTeX Info: Redefining \pageref on input line 137.
(./images.out) (./images.out)
\@outlinefile=\write4
\openout4 = `images.out'.

\AtBeginShipoutBox=\box29

latex2htmlLength hsize=349.0pt

latex2htmlLength vsize=734.09251pt

latex2htmlLength hoffset=0.0pt

latex2htmlLength voffset=0.0pt

latex2htmlLength topmargin=0.0pt

latex2htmlLength topskip=0.00003pt

latex2htmlLength headheight=0.0pt

latex2htmlLength headsep=0.0pt

latex2htmlLength parskip=0.0pt plus 1.0pt

latex2htmlLength oddsidemargin=14.0pt

latex2htmlLength evensidemargin=14.0pt

LaTeX Font Info:    External font `cmex10' loaded for size
(Font)              <12> on input line 161.
LaTeX Font Info:    External font `cmex10' loaded for size
(Font)              <8> on input line 161.
LaTeX Font Info:    External font `cmex10' loaded for size
(Font)              <6> on input line 161.
l2hSize :tex2html_wrap_inline1367:8.83331pt::8.83331pt::7.88606pt.
[1



]
l2hSize :tex2html_wrap_inline1419:9.82137pt::0.0pt::11.82657pt.
[2


]
l2hSize :tex2html_wrap_inline631:20.22734pt::20.22734pt::442.0121pt.

Overfull \hbox (96.39708pt too wide) in paragraph at lines 181--182
[]|[] 
 []

[3


]
l2hSize :tex2html_wrap_inline475:8.25pt::8.25pt::18.68803pt.
[4


]
l2hSize :tex2html_wrap_inline477:9.5pt::9.5pt::47.01761pt.
[5


]
l2hSize :tex2html_wrap_inline479:9.5pt::9.5pt::33.36151pt.
[6


]
l2hSize :tex2html_wrap_inline481:9.5pt::9.5pt::102.13582pt.
[7


]
File: QSO_broad_select.eps Graphic file (type eps)
<QSO_broad_select.eps>
Overfull \hbox (6.65944pt too wide) detected at line 217
 [] 
 []

l2hSize :tex2html_wrap1728:222.28735pt::0.0pt::349.0pt.
[8


]
l2hSize :tex2html_wrap_inline491:9.5pt::9.5pt::34.59065pt.
[9


]
l2hSize :tex2html_wrap_inline493:9.5pt::9.5pt::31.5907pt.
[10


]
l2hSize :displaymath96:17.85555pt::0.0pt::349.0pt.
[11


]
l2hSize :tex2html_wrap_inline497:9.5pt::9.5pt::40.81674pt.
[12


]
l2hSize :tex2html_wrap_inline501:7.75pt::0.0pt::7.26456pt.
[13


]
l2hSize :tex2html_wrap_inline503:8.25pt::8.25pt::6.74718pt.
[14


]
l2hSize :displaymath102:17.85555pt::0.0pt::349.0pt.
[15


]
Overfull \hbox (2.58556pt too wide) detected at line 269
\OML/cmm/m/it/12 s\OT1/cmr/m/n/12 (\OML/cmm/m/it/12 x[]; y[]\OT1/cmr/m/n/12 )\O
ML/cmm/m/it/12 f[]\OT1/cmr/m/n/12 (\OML/cmm/m/it/12 ^^U\OT1/cmr/m/n/12 ) \OMS/c
msy/m/n/12 ^^] \OML/cmm/m/it/12 h\OT1/cmr/m/n/12 (\OML/cmm/m/it/12 x[]; y[]\OT1
/cmr/m/n/12 )\OML/cmm/m/it/12 f[]\OT1/cmr/m/n/12 (\OML/cmm/m/it/12 ^^U\OT1/cmr/
m/n/12 ) + \OML/cmm/m/it/12 l\OT1/cmr/m/n/12 (\OML/cmm/m/it/12 x[]; y[]\OT1/cmr
/m/n/12 )\OML/cmm/m/it/12 f[]\OT1/cmr/m/n/12 (\OML/cmm/m/it/12 ^^U\OT1/cmr/m/n/
12 ) \OML/cmm/m/it/12 :
 []

l2hSize :displaymath109:17.85555pt::0.0pt::349.0pt.
[16


]
l2hSize :tex2html_wrap_inline505:9.5pt::9.5pt::155.76138pt.
[17


]
l2hSize :displaymath123:17.85555pt::0.0pt::349.0pt.
[18


]
l2hSize :tex2html_wrap_inline507:9.5pt::9.5pt::94.84103pt.
[19


]
l2hSize :tex2html_wrap_inline509:9.5pt::9.5pt::99.96223pt.
[20


]
l2hSize :tex2html_wrap_inline511:9.5pt::9.5pt::83.17pt.
[21


]
l2hSize :tex2html_wrap_inline513:9.5pt::9.5pt::80.17004pt.
[22


]
l2hSize :tex2html_wrap_inline515:9.5pt::9.5pt::31.64873pt.
[23


]
l2hSize :tex2html_wrap_inline517:9.5pt::9.5pt::62.06705pt.
[24


]
l2hSize :displaymath133:33.7848pt::0.0pt::349.0pt.
[25


]
l2hSize :tex2html_wrap_inline519:9.5pt::9.5pt::81.39919pt.
[26


]
l2hSize :tex2html_wrap_inline523:9.5pt::9.5pt::185.8018pt.
[27


]
l2hSize :tex2html_wrap_inline531:9.5pt::9.5pt::38.50282pt.
[28


]
l2hSize :tex2html_wrap_inline533:9.5pt::9.5pt::75.09651pt.
[29


]
File: decomp_sketch.eps Graphic file (type eps)
<decomp_sketch.eps>
l2hSize :tex2html_wrap1778:174.49738pt::0.0pt::349.0pt.
[30


]
l2hSize :tex2html_wrap_inline545:9.5pt::9.5pt::38.69171pt.
[31


]
l2hSize :tex2html_wrap_inline547:9.5pt::9.5pt::39.44728pt.
[32


]
l2hSize :tex2html_wrap_inline559:9.5pt::9.5pt::56.27095pt.
[33


]
l2hSize :tex2html_wrap_inline561:12.09998pt::12.09998pt::79.91296pt.
[34


]
File: Mainwindow.eps Graphic file (type eps)
<Mainwindow.eps>
l2hSize :tex2html_wrap1806:246.6167pt::0.0pt::349.0pt.
[35


]
l2hSize :tex2html_wrap_inline577:7.75pt::0.0pt::6.58052pt.
[36


]
LaTeX Font Info:    Font shape `OT1/cmtt/bx/n' in size <12> not available
(Font)              Font shape `OT1/cmtt/m/n' tried instead on input line 409.

Underfull \hbox (badness 1082) in paragraph at lines 409--409
[]\OT1/cmr/bx/n/12 Only reg-u-larly sam-pled \OT1/cmtt/m/n/12 FITS \OT1/cmr/bx/
n/12 dat-acubes with squared
 []

l2hSize :tex2html_wrap_inline695:32.81665pt::32.81665pt::356.65382pt.

Overfull \hbox (11.0388pt too wide) in paragraph at lines 410--411
[]|[] 
 []

[37


]
File: DialogSave.eps Graphic file (type eps)
<DialogSave.eps>
l2hSize :tex2html_wrap1820:127.80046pt::0.0pt::349.0pt.
[38


]
File: DialogMonteCarlo.eps Graphic file (type eps)
<DialogMonteCarlo.eps>
l2hSize :tex2html_wrap1827:182.6031pt::0.0pt::349.0pt.
[39


]
File: DialogColorSettings.eps Graphic file (type eps)
<DialogColorSettings.eps>
l2hSize :tex2html_wrap1834:160.02696pt::0.0pt::349.0pt.
[40


]
File: WidgetCubeViewer.eps Graphic file (type eps)
<WidgetCubeViewer.eps>
Overfull \hbox (20.88582pt too wide) detected at line 439
 [] 
 []

l2hSize :tex2html_wrap1845:266.5398pt::0.0pt::349.0pt.
[41


]
File: WidgetDeblendingControl.eps Graphic file (type eps)
<WidgetDeblendingControl.eps>
l2hSize :tex2html_wrap1855:270.86203pt::0.0pt::349.0pt.
[42


]
File: WidgetHostModel.eps Graphic file (type eps)
<WidgetHostModel.eps>
Overfull \hbox (49.33858pt too wide) detected at line 457
 [] 
 []

l2hSize :tex2html_wrap1866:165.54915pt::0.0pt::349.0pt.
[43


]
l2hSize :tex2html_wrap_inline587:8.25pt::8.25pt::10.16045pt.
[44


]
l2hSize :tex2html_wrap_inline589:7.75pt::0.0pt::7.60133pt.
[45


]
l2hSize :tex2html_wrap_inline791:12.2333pt::12.2333pt::348.29997pt.

Overfull \hbox (2.68495pt too wide) in paragraph at lines 474--475
[]|[] 
 []

[46


] (./images.aux)

LaTeX Warning: There were multiply-defined labels.

 ) 
Here is how much of TeX's memory you used:
 4719 strings out of 493887
 65960 string characters out of 1157385
 132125 words of memory out of 3500000
 7927 multiletter control sequences out of 10000+50000
 7199 words of font info for 26 fonts, out of 3000000 for 5000
 714 hyphenation exceptions out of 8191
 36i,6n,21p,622b,310s stack positions out of 5000i,500n,10000p,200000b,50000s

Output written on images.dvi (46 pages, 33552 bytes).
